<?xml version="1.0" encoding="UTF-8"?>
<!-- Generated by org.testng.reporters.JUnitReportReporter -->
<testsuite skipped="0" hostname="360NDCLP168" name="test.executeTest" tests="1" failures="0" timestamp="26 Nov 2019 01:20:21 GMT" time="3.545" errors="0">
  <testcase name="LoginIntoApp" time="3.545" classname="test.executeTest"/>
</testsuite> <!-- test.executeTest -->
