<?xml version="1.0" encoding="UTF-8"?>
<!-- Generated by org.testng.reporters.JUnitReportReporter -->
<testsuite skipped="0" hostname="360NDCLP168" name="test.StartDocker" tests="1" failures="0" timestamp="30 Dec 2019 23:17:38 GMT" time="45.295" errors="0">
  <testcase name="startfile" time="45.295" classname="test.StartDocker"/>
</testsuite> <!-- test.StartDocker -->
