<?xml version="1.0" encoding="UTF-8"?>
<!-- Generated by org.testng.reporters.JUnitReportReporter -->
<testsuite skipped="0" hostname="360NDCLP168" name="test.chromeTest2" tests="1" failures="0" timestamp="30 Dec 2019 23:53:32 GMT" time="28.613" errors="0">
  <testcase name="test2" time="28.613" classname="test.chromeTest2"/>
</testsuite> <!-- test.chromeTest2 -->
