<?xml version="1.0" encoding="UTF-8"?>
<!-- Generated by org.testng.reporters.JUnitReportReporter -->
<testsuite skipped="0" hostname="360NDCLP168" name="test.chromeTest3" tests="1" failures="0" timestamp="30 Dec 2019 23:53:33 GMT" time="70.379" errors="0">
  <testcase name="test3" time="70.379" classname="test.chromeTest3"/>
</testsuite> <!-- test.chromeTest3 -->
