<?xml version="1.0" encoding="UTF-8"?>
<!-- Generated by org.testng.reporters.JUnitReportReporter -->
<testsuite skipped="0" hostname="360NDCLP168" name="test.chromeTest2" tests="1" failures="0" timestamp="31 Dec 2019 00:41:21 GMT" time="20.315" errors="0">
  <testcase name="test2" time="20.315" classname="test.chromeTest2"/>
</testsuite> <!-- test.chromeTest2 -->
