<?xml version="1.0" encoding="UTF-8"?>
<!-- Generated by org.testng.reporters.JUnitReportReporter -->
<testsuite skipped="0" hostname="360NDCLP168" name="test.chromeTest3" tests="1" failures="0" timestamp="31 Dec 2019 00:41:21 GMT" time="27.238" errors="0">
  <testcase name="test3" time="27.238" classname="test.chromeTest3"/>
</testsuite> <!-- test.chromeTest3 -->
