<?xml version="1.0" encoding="UTF-8"?>
<!-- Generated by org.testng.reporters.JUnitReportReporter -->
<testsuite skipped="0" hostname="360NDCLP168" name="test.chromeTest1" tests="1" failures="0" timestamp="31 Dec 2019 00:41:21 GMT" time="17.618" errors="0">
  <testcase name="test1" time="17.618" classname="test.chromeTest1"/>
</testsuite> <!-- test.chromeTest1 -->
